..\venv_win\Scripts\python
 : INFO:     Started 
server process [25624]
At line:1 char:13
+ cd backend; ..\venv_win\
Scripts\python -m uvicorn 
server:app --host 0 ...
+             ~~~~~~~~~~~~
~~~~~~~~~~~~~~~~~~~~~~~~~~
~~~~~~~~~~~~~~~~~~~
    + CategoryInfo        
      : NotSpecified: (I  
  NFO:     Started serv   
 er process [25624]:St    
ring) [], RemoteExcep    
tion
    + FullyQualifiedError 
   Id : NativeCommandErr  
  or
 
INFO:     Waiting for 
application startup.
INFO:     Application 
startup complete.
ERROR:    [Errno 10048] 
error while attempting to 
bind on address 
('0.0.0.0', 8000): 
[winerror 10048] only one 
usage of each socket 
address (protocol/network 
address/port) is normally 
permitted
INFO:     Waiting for 
application shutdown.
INFO:     Application 
shutdown complete.
